2023.08.29 10:45:17 INFO  Started: Metals version 1.0.1 in folders 'C:\Users\glosn\uia\repos\gabriell\exam_part_1' for client Visual Studio Code 1.81.1.[0m
Aug 29, 2023 10:45:17 AM org.flywaydb.core.internal.license.VersionPrinter printVersionOnly
INFO: Flyway Community Edition 9.21.2 by Redgate
Aug 29, 2023 10:45:17 AM org.flywaydb.core.internal.license.VersionPrinter printVersion
INFO: See release notes here: https://rd.gt/416ObMi
Aug 29, 2023 10:45:17 AM org.flywaydb.core.internal.license.VersionPrinter printVersion
INFO: 
Aug 29, 2023 10:45:18 AM org.flywaydb.core.FlywayExecutor execute
INFO: Database: jdbc:h2:file:C:\Users\glosn\uia\repos\gabriell\exam_part_1\.metals\metals (H2 2.1)
Aug 29, 2023 10:45:18 AM org.flywaydb.core.internal.schemahistory.JdbcTableSchemaHistory allAppliedMigrations
INFO: Schema history table "PUBLIC"."flyway_schema_history" does not exist yet
Aug 29, 2023 10:45:18 AM org.flywaydb.core.internal.command.DbValidate validate
INFO: Successfully validated 4 migrations (execution time 00:00.019s)
Aug 29, 2023 10:45:18 AM org.flywaydb.core.internal.schemahistory.JdbcTableSchemaHistory create
INFO: Creating Schema History table "PUBLIC"."flyway_schema_history" ...
Aug 29, 2023 10:45:18 AM org.flywaydb.core.internal.command.DbMigrate migrateGroup
INFO: Current version of schema "PUBLIC": << Empty Schema >>
Aug 29, 2023 10:45:18 AM org.flywaydb.core.internal.command.DbMigrate doMigrateGroup
INFO: Migrating schema "PUBLIC" to version "1 - Create tables"
Aug 29, 2023 10:45:18 AM org.flywaydb.core.internal.command.DbMigrate doMigrateGroup
INFO: Migrating schema "PUBLIC" to version "2 - Server discovery"
Aug 29, 2023 10:45:18 AM org.flywaydb.core.internal.command.DbMigrate doMigrateGroup
INFO: Migrating schema "PUBLIC" to version "3 - Jar symbols"
Aug 29, 2023 10:45:18 AM org.flywaydb.core.internal.command.DbMigrate doMigrateGroup
INFO: Migrating schema "PUBLIC" to version "4 - Fingerprints"
Aug 29, 2023 10:45:18 AM org.flywaydb.core.internal.command.DbMigrate logSummary
INFO: Successfully applied 4 migrations to schema "PUBLIC", now at version v4 (execution time 00:00.022s)
2023.08.29 10:45:18 INFO  time: initialize in 0.65s[0m
2023.08.29 10:45:19 WARN  Build server is not auto-connectable.[0m
2023.08.29 10:45:29 INFO  running 'C:\Program Files\Java\jdk-19\bin\java.exe -Djline.terminal=jline.UnsupportedTerminal -Dsbt.log.noformat=true -Dfile.encoding=UTF-8 -jar C:\Users\glosn\AppData\Local\Temp\metals4639737280732127509\sbt-launch.jar -Dbloop.export-jar-classifiers=sources bloopInstall'[0m
2023.08.29 10:45:29 ERROR [info] [launcher] getting org.scala-sbt sbt 1.9.4  (this may take some time)...[0m
2023.08.29 10:45:35 INFO  [info] welcome to sbt 1.9.4 (Oracle Corporation Java 19.0.2)[0m
2023.08.29 10:45:39 INFO  [info] loading settings for project exam_part_1-build-build from metals.sbt ...[0m
2023.08.29 10:45:39 INFO  [info] loading project definition from C:\Users\glosn\uia\repos\gabriell\exam_part_1\project\project[0m
2023.08.29 10:45:42 INFO  [info] loading settings for project exam_part_1-build from metals.sbt ...[0m
2023.08.29 10:45:42 INFO  [info] loading project definition from C:\Users\glosn\uia\repos\gabriell\exam_part_1\project[0m
2023.08.29 10:45:46 INFO  [success] Generated .bloop\exam_part_1-build.json[0m
2023.08.29 10:45:46 INFO  [info] compiling 1 Scala source to C:\Users\glosn\uia\repos\gabriell\exam_part_1\project\target\scala-2.12\sbt-1.0\classes ...[0m
2023.08.29 10:45:49 INFO  [info] done compiling[0m
2023.08.29 10:45:49 INFO  [success] Total time: 7 s, completed Aug 29, 2023, 10:45:50 AM[0m
2023.08.29 10:45:51 INFO  [info] loading settings for project root from build.sbt ...[0m
2023.08.29 10:45:51 INFO  [info] set current project to exam_part_1 (in build file:/C:/Users/glosn/uia/repos/gabriell/exam_part_1/)[0m
2023.08.29 10:45:53 INFO  [success] Generated .bloop\root-test.json[0m
2023.08.29 10:45:53 INFO  [success] Generated .bloop\root.json[0m
2023.08.29 10:45:53 INFO  [success] Total time: 1 s, completed Aug 29, 2023, 10:45:53 AM[0m
2023.08.29 10:45:53 INFO  time: ran 'sbt bloopInstall' in 23s[0m
2023.08.29 10:45:53 INFO  Attempting to connect to the build server...[0m
2023.08.29 10:45:53 INFO  Setting up current java home C:\Program Files\Java\jdk-19 in C:\Users\glosn\.bloop\bloop.json[0m
2023.08.29 10:45:59 INFO  tracing is disabled for protocol BSP, to enable tracing of incoming and outgoing JSON messages create an empty file at C:\Users\glosn\uia\repos\gabriell\exam_part_1\.metals\bsp.trace.json or C:\Users\glosn\AppData\Local\scalameta\metals\cache\bsp.trace.json[0m
2023.08.29 10:46:02 INFO  Attempting to connect to the build server...[0m
2023.08.29 10:46:02 INFO  Bloop uses C:\Program Files\Java\jdk-19 defined at C:\Users\glosn\.bloop\bloop.json[0m
2023.08.29 10:46:02 INFO  tracing is disabled for protocol BSP, to enable tracing of incoming and outgoing JSON messages create an empty file at C:\Users\glosn\uia\repos\gabriell\exam_part_1\project\.metals\bsp.trace.json or C:\Users\glosn\AppData\Local\scalameta\metals\cache\bsp.trace.json[0m
2023.08.29 10:46:02 INFO  time: Connected to build server in 9.77s[0m
2023.08.29 10:46:02 INFO  Connected to Build server: Bloop v1.5.8[0m
2023.08.29 10:46:03 INFO  time: Imported build in 0.2s[0m
2023.08.29 10:46:11 INFO  time: indexed workspace in 8.1s[0m
2023.08.29 11:11:05 INFO  compiling root (1 scala source)[0m
2023.08.29 11:11:19 INFO  time: compiled root in 13s[0m
2023.08.29 11:18:40 INFO  Shutting down server[0m
2023.08.29 11:18:40 INFO  shutting down Metals[0m
2023.08.29 11:18:40 INFO  Shut down connection with build server.[0m
2023.08.29 11:18:40 INFO  Shut down connection with build server.[0m
2023.08.29 11:18:40 INFO  Exiting server[0m
